  Player.cpp
c:\users\shyle\desktop\git\devember\project\roguelike\buffer.h(25): error C2065: 'Item': undeclared identifier
c:\users\shyle\desktop\git\devember\project\roguelike\buffer.h(25): error C2059: syntax error: '>'
c:\users\shyle\desktop\git\devember\project\roguelike\buffer.h(25): error C2976: 'std::vector': too few template arguments
  c:\program files (x86)\microsoft visual studio\2017\enterprise\vc\tools\msvc\14.12.25827\include\vector(658): note: see declaration of 'std::vector'
  Generating Code...
  Compiling...
  Buffer.cpp
  Generating Code...
  Compiling...
  state.cpp
  main.cpp
c:\users\shyle\desktop\git\devember\project\roguelike\main.cpp(5): warning C4244: 'argument': conversion from 'time_t' to 'unsigned int', possible loss of data
  enemy.cpp
  Weapon.cpp
c:\users\shyle\desktop\git\devember\project\roguelike\weapon.cpp(57): warning C4244: '+=': conversion from 'double' to 'short', possible loss of data
c:\users\shyle\desktop\git\devember\project\roguelike\weapon.cpp(58): warning C4244: '+=': conversion from 'double' to 'short', possible loss of data
c:\users\shyle\desktop\git\devember\project\roguelike\weapon.cpp(59): warning C4244: '+=': conversion from 'double' to 'short', possible loss of data
  Map.cpp
c:\users\shyle\desktop\git\devember\project\roguelike\buffer.h(25): error C2065: 'Item': undeclared identifier
c:\users\shyle\desktop\git\devember\project\roguelike\buffer.h(25): error C2059: syntax error: '>'
c:\users\shyle\desktop\git\devember\project\roguelike\buffer.h(25): error C2976: 'std::vector': too few template arguments
  c:\program files (x86)\microsoft visual studio\2017\enterprise\vc\tools\msvc\14.12.25827\include\vector(658): note: see declaration of 'std::vector'
  Item.cpp
  Generating Code...
c:\users\shyle\desktop\git\devember\project\roguelike\item.cpp(60): warning C4715: 'Item::getType': not all control paths return a value
