d:\työpöytä\git\devember\project\roguelike\debug\roguelike.pch
d:\työpöytä\git\devember\project\roguelike\debug\vc141.pdb
d:\työpöytä\git\devember\project\roguelike\debug\vc141.idb
d:\työpöytä\git\devember\project\roguelike\debug\stdafx.obj
d:\työpöytä\git\devember\project\roguelike\debug\buffer.obj
d:\työpöytä\git\devember\project\roguelike\debug\items.obj
d:\työpöytä\git\devember\project\roguelike\debug\map.obj
d:\työpöytä\git\devember\project\roguelike\debug\character.obj
d:\työpöytä\git\devember\project\roguelike\debug\enemy.obj
d:\työpöytä\git\devember\project\roguelike\debug\general.obj
d:\työpöytä\git\devember\project\roguelike\debug\main.obj
d:\työpöytä\git\devember\project\roguelike\debug\state.obj
d:\työpöytä\git\devember\project\roguelike\debug\tiles.obj
d:\työpöytä\git\devember\project\roguelike\debug\player.obj
d:\työpöytä\git\devember\project\roguelike\debug\roguelike.exe
d:\työpöytä\git\devember\project\roguelike\debug\roguelike.ilk
d:\työpöytä\git\devember\project\roguelike\debug\roguelike.pdb
d:\työpöytä\git\devember\project\roguelike\debug\asd.obj
d:\työpöytä\git\devember\project\roguelike\debug\roguelike.obj
d:\työpöytä\git\devember\project\roguelike\debug\structs.obj
d:\työpöytä\git\devember\project\roguelike\debug\_buffer.obj
d:\työpöytä\git\devember\project\roguelike\debug\_map.obj
d:\työpöytä\git\devember\project\roguelike\debug\main.obj.enc
d:\työpöytä\git\devember\project\roguelike\debug\tiles.obj.enc
d:\työpöytä\git\devember\project\roguelike\debug\roguelike.tlog\cl.command.1.tlog
d:\työpöytä\git\devember\project\roguelike\debug\roguelike.tlog\cl.read.1.tlog
d:\työpöytä\git\devember\project\roguelike\debug\roguelike.tlog\cl.write.1.tlog
d:\työpöytä\git\devember\project\roguelike\debug\roguelike.tlog\link.command.1.tlog
d:\työpöytä\git\devember\project\roguelike\debug\roguelike.tlog\link.read.1.tlog
d:\työpöytä\git\devember\project\roguelike\debug\roguelike.tlog\link.write.1.tlog
